<?xml version="1.0" encoding="UTF-8"?>
<!-- Generated by org.testng.reporters.JUnitXMLReporter -->
<testsuite ignored="0" hostname="Aditya" failures="0" tests="40" name="All Modules" time="521.601" errors="0" timestamp="2025-09-04T09:26:30 IST">
  <testcase classname="tests.LoginTests" name="blankFieldsLogin" time="7.678"/>
  <testcase classname="tests.LoginTests" name="errorMessageDisappearsAfterRetry" time="10.87"/>
  <testcase classname="tests.LoginTests" name="invalidLoginWrongPassword" time="5.565"/>
  <testcase classname="tests.LoginTests" name="invalidLoginWrongUsername" time="5.672"/>
  <testcase classname="tests.LoginTests" name="lockedOutUserLogin" time="5.607"/>
  <testcase classname="tests.LoginTests" name="performanceGlitchUserLogin" time="12.555"/>
  <testcase classname="tests.LoginTests" name="validLogin" time="6.607"/>
  <testcase classname="tests.LoginTests" name="verifyUrlAndTitleAfterLogin" time="6.613"/>
  <testcase classname="tests.InventoryTests" name="addMultipleProductsToCart" time="5.137"/>
  <testcase classname="tests.InventoryTests" name="addSingleProductToCart" time="3.069"/>
  <testcase classname="tests.InventoryTests" name="removeProductFromCart" time="5.112"/>
  <testcase classname="tests.InventoryTests" name="sortProductsByNameAZ" time="3.092"/>
  <testcase classname="tests.InventoryTests" name="sortProductsByNameZA" time="3.075"/>
  <testcase classname="tests.InventoryTests" name="sortProductsByPriceHighToLow" time="3.079"/>
  <testcase classname="tests.InventoryTests" name="sortProductsByPriceLowToHigh" time="3.083"/>
  <testcase classname="tests.InventoryTests" name="verifyProductsDisplayed" time="2.013"/>
  <testcase classname="tests.CartTests" name="checkoutButtonWorks" time="7.22"/>
  <testcase classname="tests.CartTests" name="continueShoppingButtonWorks" time="7.229"/>
  <testcase classname="tests.CartTests" name="verifyCartBadgeIncreases" time="5.073"/>
  <testcase classname="tests.CartTests" name="verifyCartIsEmptyAfterRemovingItems" time="17.145"/>
  <testcase classname="tests.CartTests" name="verifyNavigatingToCartPage" time="5.111"/>
  <testcase classname="tests.CartTests" name="verifyProductDetailsInCart" time="7.121"/>
  <testcase classname="tests.CheckoutTests" name="cancelCheckout" time="3.055"/>
  <testcase classname="tests.CheckoutTests" name="checkoutWithMissingFirstName" time="4.273"/>
  <testcase classname="tests.CheckoutTests" name="checkoutWithMissingLastName" time="4.216"/>
  <testcase classname="tests.CheckoutTests" name="checkoutWithMissingPostalCode" time="4.225"/>
  <testcase classname="tests.CheckoutTests" name="checkoutWithValidDetails" time="3.216"/>
  <testcase classname="tests.CheckoutTests" name="finishButtonCompletesOrder" time="5.27"/>
  <testcase classname="tests.CheckoutTests" name="invalidZipCodeFormat" time="3.21"/>
  <testcase classname="tests.CheckoutTests" name="verifyBackToProductsButtonWorks" time="6.308"/>
  <testcase classname="tests.CheckoutTests" name="verifyCheckoutOverviewPage" time="5.222"/>
  <testcase classname="tests.CheckoutTests" name="verifySuccessMessageAfterOrder" time="2.345"/>
  <testcase classname="tests.MenuTests" name="verifyAboutLink" time="11.259"/>
  <testcase classname="tests.MenuTests" name="verifyAllMenuOptionsVisible" time="4.125"/>
  <testcase classname="tests.MenuTests" name="verifyResetAppState" time="16.163"/>
  <testcase classname="tests.MenuTests" name="verifyUserCanLogout" time="5.153"/>
  <testcase classname="tests.UITests" name="verifyBackButtonAfterLogout" time="11.403"/>
  <testcase classname="tests.UITests" name="verifyFooterLinks" time="5.36"/>
  <testcase classname="tests.UITests" name="verifyLoginPageUIElements" time="4.085"/>
  <testcase classname="tests.UITests" name="verifyPageTitleAndLogoConsistency" time="8.315"/>
</testsuite> <!-- All Modules -->
