<?xml version="1.0" encoding="UTF-8"?>
<testng-results ignored="0" total="40" passed="39" failed="1" skipped="0">
  <reporter-output>
  </reporter-output>
  <suite started-at="2025-09-03T22:07:28 IST" name="Selenium Capstone Suite" finished-at="2025-09-03T22:17:42 IST" duration-ms="614494">
    <groups>
    </groups>
    <test started-at="2025-09-03T22:07:28 IST" name="All Modules" finished-at="2025-09-03T22:17:42 IST" duration-ms="614494">
      <class name="tests.LoginTests">
        <test-method signature="blankFieldsLogin()[pri:0, instance:tests.LoginTests@408d971b]" started-at="2025-09-03T22:07:28 IST" name="blankFieldsLogin" finished-at="2025-09-03T22:07:35 IST" duration-ms="6994" status="PASS">
          <reporter-output>
          </reporter-output>
        </test-method> <!-- blankFieldsLogin -->
        <test-method is-config="true" signature="tearDown()[pri:0, instance:tests.LoginTests@408d971b]" started-at="2025-09-03T22:07:35 IST" name="tearDown" finished-at="2025-09-03T22:07:35 IST" duration-ms="163" status="PASS">
          <reporter-output>
          </reporter-output>
        </test-method> <!-- tearDown -->
        <test-method signature="errorMessageDisappearsAfterRetry()[pri:0, instance:tests.LoginTests@408d971b]" started-at="2025-09-03T22:07:35 IST" name="errorMessageDisappearsAfterRetry" finished-at="2025-09-03T22:07:48 IST" duration-ms="13084" status="PASS">
          <reporter-output>
          </reporter-output>
        </test-method> <!-- errorMessageDisappearsAfterRetry -->
        <test-method is-config="true" signature="tearDown()[pri:0, instance:tests.LoginTests@408d971b]" started-at="2025-09-03T22:07:48 IST" name="tearDown" finished-at="2025-09-03T22:07:48 IST" duration-ms="178" status="PASS">
          <reporter-output>
          </reporter-output>
        </test-method> <!-- tearDown -->
        <test-method signature="invalidLoginWrongPassword()[pri:0, instance:tests.LoginTests@408d971b]" started-at="2025-09-03T22:07:48 IST" name="invalidLoginWrongPassword" finished-at="2025-09-03T22:07:55 IST" duration-ms="6528" status="PASS">
          <reporter-output>
          </reporter-output>
        </test-method> <!-- invalidLoginWrongPassword -->
        <test-method is-config="true" signature="tearDown()[pri:0, instance:tests.LoginTests@408d971b]" started-at="2025-09-03T22:07:55 IST" name="tearDown" finished-at="2025-09-03T22:07:55 IST" duration-ms="140" status="PASS">
          <reporter-output>
          </reporter-output>
        </test-method> <!-- tearDown -->
        <test-method signature="invalidLoginWrongUsername()[pri:0, instance:tests.LoginTests@408d971b]" started-at="2025-09-03T22:07:55 IST" name="invalidLoginWrongUsername" finished-at="2025-09-03T22:08:01 IST" duration-ms="6209" status="PASS">
          <reporter-output>
          </reporter-output>
        </test-method> <!-- invalidLoginWrongUsername -->
        <test-method is-config="true" signature="tearDown()[pri:0, instance:tests.LoginTests@408d971b]" started-at="2025-09-03T22:08:01 IST" name="tearDown" finished-at="2025-09-03T22:08:01 IST" duration-ms="136" status="PASS">
          <reporter-output>
          </reporter-output>
        </test-method> <!-- tearDown -->
        <test-method signature="lockedOutUserLogin()[pri:0, instance:tests.LoginTests@408d971b]" started-at="2025-09-03T22:08:01 IST" name="lockedOutUserLogin" finished-at="2025-09-03T22:08:10 IST" duration-ms="8707" status="PASS">
          <reporter-output>
          </reporter-output>
        </test-method> <!-- lockedOutUserLogin -->
        <test-method is-config="true" signature="tearDown()[pri:0, instance:tests.LoginTests@408d971b]" started-at="2025-09-03T22:08:10 IST" name="tearDown" finished-at="2025-09-03T22:08:10 IST" duration-ms="135" status="PASS">
          <reporter-output>
          </reporter-output>
        </test-method> <!-- tearDown -->
        <test-method signature="performanceGlitchUserLogin()[pri:0, instance:tests.LoginTests@408d971b]" started-at="2025-09-03T22:08:10 IST" name="performanceGlitchUserLogin" finished-at="2025-09-03T22:08:25 IST" duration-ms="14796" status="PASS">
          <reporter-output>
          </reporter-output>
        </test-method> <!-- performanceGlitchUserLogin -->
        <test-method is-config="true" signature="tearDown()[pri:0, instance:tests.LoginTests@408d971b]" started-at="2025-09-03T22:08:25 IST" name="tearDown" finished-at="2025-09-03T22:08:25 IST" duration-ms="196" status="PASS">
          <reporter-output>
          </reporter-output>
        </test-method> <!-- tearDown -->
        <test-method signature="validLogin()[pri:0, instance:tests.LoginTests@408d971b]" started-at="2025-09-03T22:08:25 IST" name="validLogin" finished-at="2025-09-03T22:08:33 IST" duration-ms="7301" status="PASS">
          <reporter-output>
          </reporter-output>
        </test-method> <!-- validLogin -->
        <test-method is-config="true" signature="tearDown()[pri:0, instance:tests.LoginTests@408d971b]" started-at="2025-09-03T22:08:33 IST" name="tearDown" finished-at="2025-09-03T22:08:33 IST" duration-ms="148" status="PASS">
          <reporter-output>
          </reporter-output>
        </test-method> <!-- tearDown -->
        <test-method signature="verifyUrlAndTitleAfterLogin()[pri:0, instance:tests.LoginTests@408d971b]" started-at="2025-09-03T22:08:33 IST" name="verifyUrlAndTitleAfterLogin" finished-at="2025-09-03T22:08:42 IST" duration-ms="9435" status="PASS">
          <reporter-output>
          </reporter-output>
        </test-method> <!-- verifyUrlAndTitleAfterLogin -->
        <test-method is-config="true" signature="tearDown()[pri:0, instance:tests.LoginTests@408d971b]" started-at="2025-09-03T22:08:42 IST" name="tearDown" finished-at="2025-09-03T22:08:42 IST" duration-ms="165" status="PASS">
          <reporter-output>
          </reporter-output>
        </test-method> <!-- tearDown -->
      </class> <!-- tests.LoginTests -->
      <class name="tests.MenuTests">
        <test-method is-config="true" signature="setUp()[pri:0, instance:tests.MenuTests@79079097]" started-at="2025-09-03T22:15:34 IST" name="setUp" finished-at="2025-09-03T22:15:47 IST" duration-ms="12659" status="PASS">
          <reporter-output>
          </reporter-output>
        </test-method> <!-- setUp -->
        <test-method signature="verifyAboutLink()[pri:0, instance:tests.MenuTests@79079097]" started-at="2025-09-03T22:15:47 IST" name="verifyAboutLink" finished-at="2025-09-03T22:15:58 IST" duration-ms="10968" status="PASS">
          <reporter-output>
          </reporter-output>
        </test-method> <!-- verifyAboutLink -->
        <test-method is-config="true" signature="tearDown()[pri:0, instance:tests.MenuTests@79079097]" started-at="2025-09-03T22:15:58 IST" name="tearDown" finished-at="2025-09-03T22:15:58 IST" duration-ms="190" status="PASS">
          <reporter-output>
          </reporter-output>
        </test-method> <!-- tearDown -->
        <test-method is-config="true" signature="setUp()[pri:0, instance:tests.MenuTests@79079097]" started-at="2025-09-03T22:15:58 IST" name="setUp" finished-at="2025-09-03T22:16:06 IST" duration-ms="7709" status="PASS">
          <reporter-output>
          </reporter-output>
        </test-method> <!-- setUp -->
        <test-method signature="verifyAllMenuOptionsVisible()[pri:0, instance:tests.MenuTests@79079097]" started-at="2025-09-03T22:16:06 IST" name="verifyAllMenuOptionsVisible" finished-at="2025-09-03T22:16:10 IST" duration-ms="4133" status="PASS">
          <reporter-output>
          </reporter-output>
        </test-method> <!-- verifyAllMenuOptionsVisible -->
        <test-method is-config="true" signature="tearDown()[pri:0, instance:tests.MenuTests@79079097]" started-at="2025-09-03T22:16:10 IST" name="tearDown" finished-at="2025-09-03T22:16:10 IST" duration-ms="141" status="PASS">
          <reporter-output>
          </reporter-output>
        </test-method> <!-- tearDown -->
        <test-method is-config="true" signature="setUp()[pri:0, instance:tests.MenuTests@79079097]" started-at="2025-09-03T22:16:10 IST" name="setUp" finished-at="2025-09-03T22:16:20 IST" duration-ms="9684" status="PASS">
          <reporter-output>
          </reporter-output>
        </test-method> <!-- setUp -->
        <test-method signature="verifyResetAppState()[pri:0, instance:tests.MenuTests@79079097]" started-at="2025-09-03T22:16:20 IST" name="verifyResetAppState" finished-at="2025-09-03T22:16:36 IST" duration-ms="16260" status="PASS">
          <reporter-output>
          </reporter-output>
        </test-method> <!-- verifyResetAppState -->
        <test-method is-config="true" signature="tearDown()[pri:0, instance:tests.MenuTests@79079097]" started-at="2025-09-03T22:16:36 IST" name="tearDown" finished-at="2025-09-03T22:16:36 IST" duration-ms="155" status="PASS">
          <reporter-output>
          </reporter-output>
        </test-method> <!-- tearDown -->
        <test-method is-config="true" signature="setUp()[pri:0, instance:tests.MenuTests@79079097]" started-at="2025-09-03T22:16:36 IST" name="setUp" finished-at="2025-09-03T22:16:46 IST" duration-ms="10192" status="PASS">
          <reporter-output>
          </reporter-output>
        </test-method> <!-- setUp -->
        <test-method signature="verifyUserCanLogout()[pri:0, instance:tests.MenuTests@79079097]" started-at="2025-09-03T22:16:46 IST" name="verifyUserCanLogout" finished-at="2025-09-03T22:16:51 IST" duration-ms="5147" status="PASS">
          <reporter-output>
          </reporter-output>
        </test-method> <!-- verifyUserCanLogout -->
        <test-method is-config="true" signature="tearDown()[pri:0, instance:tests.MenuTests@79079097]" started-at="2025-09-03T22:16:51 IST" name="tearDown" finished-at="2025-09-03T22:16:52 IST" duration-ms="163" status="PASS">
          <reporter-output>
          </reporter-output>
        </test-method> <!-- tearDown -->
      </class> <!-- tests.MenuTests -->
      <class name="tests.InventoryTests">
        <test-method is-config="true" signature="setUp()[pri:0, instance:tests.InventoryTests@7c6908d7]" started-at="2025-09-03T22:08:42 IST" name="setUp" finished-at="2025-09-03T22:08:49 IST" duration-ms="7066" status="PASS">
          <reporter-output>
          </reporter-output>
        </test-method> <!-- setUp -->
        <test-method signature="addMultipleProductsToCart()[pri:0, instance:tests.InventoryTests@7c6908d7]" started-at="2025-09-03T22:08:49 IST" name="addMultipleProductsToCart" finished-at="2025-09-03T22:08:54 IST" duration-ms="5135" status="PASS">
          <reporter-output>
          </reporter-output>
        </test-method> <!-- addMultipleProductsToCart -->
        <test-method is-config="true" signature="tearDown()[pri:0, instance:tests.InventoryTests@7c6908d7]" started-at="2025-09-03T22:08:54 IST" name="tearDown" finished-at="2025-09-03T22:08:55 IST" duration-ms="160" status="PASS">
          <reporter-output>
          </reporter-output>
        </test-method> <!-- tearDown -->
        <test-method is-config="true" signature="setUp()[pri:0, instance:tests.InventoryTests@7c6908d7]" started-at="2025-09-03T22:08:55 IST" name="setUp" finished-at="2025-09-03T22:09:06 IST" duration-ms="11339" status="PASS">
          <reporter-output>
          </reporter-output>
        </test-method> <!-- setUp -->
        <test-method signature="addSingleProductToCart()[pri:0, instance:tests.InventoryTests@7c6908d7]" started-at="2025-09-03T22:09:06 IST" name="addSingleProductToCart" finished-at="2025-09-03T22:09:09 IST" duration-ms="3058" status="PASS">
          <reporter-output>
          </reporter-output>
        </test-method> <!-- addSingleProductToCart -->
        <test-method is-config="true" signature="tearDown()[pri:0, instance:tests.InventoryTests@7c6908d7]" started-at="2025-09-03T22:09:09 IST" name="tearDown" finished-at="2025-09-03T22:09:09 IST" duration-ms="147" status="PASS">
          <reporter-output>
          </reporter-output>
        </test-method> <!-- tearDown -->
        <test-method is-config="true" signature="setUp()[pri:0, instance:tests.InventoryTests@7c6908d7]" started-at="2025-09-03T22:09:09 IST" name="setUp" finished-at="2025-09-03T22:09:20 IST" duration-ms="11226" status="PASS">
          <reporter-output>
          </reporter-output>
        </test-method> <!-- setUp -->
        <test-method signature="removeProductFromCart()[pri:0, instance:tests.InventoryTests@7c6908d7]" started-at="2025-09-03T22:09:20 IST" name="removeProductFromCart" finished-at="2025-09-03T22:09:26 IST" duration-ms="5111" status="PASS">
          <reporter-output>
          </reporter-output>
        </test-method> <!-- removeProductFromCart -->
        <test-method is-config="true" signature="tearDown()[pri:0, instance:tests.InventoryTests@7c6908d7]" started-at="2025-09-03T22:09:26 IST" name="tearDown" finished-at="2025-09-03T22:09:26 IST" duration-ms="162" status="PASS">
          <reporter-output>
          </reporter-output>
        </test-method> <!-- tearDown -->
        <test-method is-config="true" signature="setUp()[pri:0, instance:tests.InventoryTests@7c6908d7]" started-at="2025-09-03T22:09:26 IST" name="setUp" finished-at="2025-09-03T22:09:40 IST" duration-ms="14618" status="PASS">
          <reporter-output>
          </reporter-output>
        </test-method> <!-- setUp -->
        <test-method signature="sortProductsByNameAZ()[pri:0, instance:tests.InventoryTests@7c6908d7]" started-at="2025-09-03T22:09:40 IST" name="sortProductsByNameAZ" finished-at="2025-09-03T22:09:43 IST" duration-ms="3060" status="PASS">
          <reporter-output>
          </reporter-output>
        </test-method> <!-- sortProductsByNameAZ -->
        <test-method is-config="true" signature="tearDown()[pri:0, instance:tests.InventoryTests@7c6908d7]" started-at="2025-09-03T22:09:43 IST" name="tearDown" finished-at="2025-09-03T22:09:44 IST" duration-ms="185" status="PASS">
          <reporter-output>
          </reporter-output>
        </test-method> <!-- tearDown -->
        <test-method is-config="true" signature="setUp()[pri:0, instance:tests.InventoryTests@7c6908d7]" started-at="2025-09-03T22:09:44 IST" name="setUp" finished-at="2025-09-03T22:09:52 IST" duration-ms="8665" status="PASS">
          <reporter-output>
          </reporter-output>
        </test-method> <!-- setUp -->
        <test-method signature="sortProductsByNameZA()[pri:0, instance:tests.InventoryTests@7c6908d7]" started-at="2025-09-03T22:09:52 IST" name="sortProductsByNameZA" finished-at="2025-09-03T22:09:55 IST" duration-ms="3100" status="PASS">
          <reporter-output>
          </reporter-output>
        </test-method> <!-- sortProductsByNameZA -->
        <test-method is-config="true" signature="tearDown()[pri:0, instance:tests.InventoryTests@7c6908d7]" started-at="2025-09-03T22:09:55 IST" name="tearDown" finished-at="2025-09-03T22:09:57 IST" duration-ms="1706" status="PASS">
          <reporter-output>
          </reporter-output>
        </test-method> <!-- tearDown -->
        <test-method is-config="true" signature="setUp()[pri:0, instance:tests.InventoryTests@7c6908d7]" started-at="2025-09-03T22:09:57 IST" name="setUp" finished-at="2025-09-03T22:10:06 IST" duration-ms="8694" status="PASS">
          <reporter-output>
          </reporter-output>
        </test-method> <!-- setUp -->
        <test-method signature="sortProductsByPriceHighToLow()[pri:0, instance:tests.InventoryTests@7c6908d7]" started-at="2025-09-03T22:10:06 IST" name="sortProductsByPriceHighToLow" finished-at="2025-09-03T22:10:09 IST" duration-ms="3094" status="PASS">
          <reporter-output>
          </reporter-output>
        </test-method> <!-- sortProductsByPriceHighToLow -->
        <test-method is-config="true" signature="tearDown()[pri:0, instance:tests.InventoryTests@7c6908d7]" started-at="2025-09-03T22:10:09 IST" name="tearDown" finished-at="2025-09-03T22:10:09 IST" duration-ms="171" status="PASS">
          <reporter-output>
          </reporter-output>
        </test-method> <!-- tearDown -->
        <test-method is-config="true" signature="setUp()[pri:0, instance:tests.InventoryTests@7c6908d7]" started-at="2025-09-03T22:10:09 IST" name="setUp" finished-at="2025-09-03T22:10:16 IST" duration-ms="7399" status="PASS">
          <reporter-output>
          </reporter-output>
        </test-method> <!-- setUp -->
        <test-method signature="sortProductsByPriceLowToHigh()[pri:0, instance:tests.InventoryTests@7c6908d7]" started-at="2025-09-03T22:10:16 IST" name="sortProductsByPriceLowToHigh" finished-at="2025-09-03T22:10:19 IST" duration-ms="3088" status="PASS">
          <reporter-output>
          </reporter-output>
        </test-method> <!-- sortProductsByPriceLowToHigh -->
        <test-method is-config="true" signature="tearDown()[pri:0, instance:tests.InventoryTests@7c6908d7]" started-at="2025-09-03T22:10:19 IST" name="tearDown" finished-at="2025-09-03T22:10:20 IST" duration-ms="153" status="PASS">
          <reporter-output>
          </reporter-output>
        </test-method> <!-- tearDown -->
        <test-method is-config="true" signature="setUp()[pri:0, instance:tests.InventoryTests@7c6908d7]" started-at="2025-09-03T22:10:20 IST" name="setUp" finished-at="2025-09-03T22:10:27 IST" duration-ms="7031" status="PASS">
          <reporter-output>
          </reporter-output>
        </test-method> <!-- setUp -->
        <test-method signature="verifyProductsDisplayed()[pri:0, instance:tests.InventoryTests@7c6908d7]" started-at="2025-09-03T22:10:27 IST" name="verifyProductsDisplayed" finished-at="2025-09-03T22:10:29 IST" duration-ms="2016" status="PASS">
          <reporter-output>
          </reporter-output>
        </test-method> <!-- verifyProductsDisplayed -->
        <test-method is-config="true" signature="tearDown()[pri:0, instance:tests.InventoryTests@7c6908d7]" started-at="2025-09-03T22:10:29 IST" name="tearDown" finished-at="2025-09-03T22:10:29 IST" duration-ms="150" status="PASS">
          <reporter-output>
          </reporter-output>
        </test-method> <!-- tearDown -->
      </class> <!-- tests.InventoryTests -->
      <class name="tests.CheckoutTests">
        <test-method is-config="true" signature="setUp()[pri:0, instance:tests.CheckoutTests@3bf7ca37]" started-at="2025-09-03T22:12:12 IST" name="setUp" finished-at="2025-09-03T22:12:26 IST" duration-ms="14101" status="PASS">
          <reporter-output>
          </reporter-output>
        </test-method> <!-- setUp -->
        <test-method signature="cancelCheckout()[pri:0, instance:tests.CheckoutTests@3bf7ca37]" started-at="2025-09-03T22:12:26 IST" name="cancelCheckout" finished-at="2025-09-03T22:12:29 IST" duration-ms="3076" status="PASS">
          <reporter-output>
          </reporter-output>
        </test-method> <!-- cancelCheckout -->
        <test-method is-config="true" signature="tearDown()[pri:0, instance:tests.CheckoutTests@3bf7ca37]" started-at="2025-09-03T22:12:29 IST" name="tearDown" finished-at="2025-09-03T22:12:29 IST" duration-ms="151" status="PASS">
          <reporter-output>
          </reporter-output>
        </test-method> <!-- tearDown -->
        <test-method is-config="true" signature="setUp()[pri:0, instance:tests.CheckoutTests@3bf7ca37]" started-at="2025-09-03T22:12:29 IST" name="setUp" finished-at="2025-09-03T22:12:44 IST" duration-ms="14389" status="PASS">
          <reporter-output>
          </reporter-output>
        </test-method> <!-- setUp -->
        <test-method signature="checkoutWithMissingFirstName()[pri:0, instance:tests.CheckoutTests@3bf7ca37]" started-at="2025-09-03T22:12:44 IST" name="checkoutWithMissingFirstName" finished-at="2025-09-03T22:12:48 IST" duration-ms="4233" status="PASS">
          <reporter-output>
          </reporter-output>
        </test-method> <!-- checkoutWithMissingFirstName -->
        <test-method is-config="true" signature="tearDown()[pri:0, instance:tests.CheckoutTests@3bf7ca37]" started-at="2025-09-03T22:12:48 IST" name="tearDown" finished-at="2025-09-03T22:12:48 IST" duration-ms="200" status="PASS">
          <reporter-output>
          </reporter-output>
        </test-method> <!-- tearDown -->
        <test-method is-config="true" signature="setUp()[pri:0, instance:tests.CheckoutTests@3bf7ca37]" started-at="2025-09-03T22:12:48 IST" name="setUp" finished-at="2025-09-03T22:13:08 IST" duration-ms="19904" status="PASS">
          <reporter-output>
          </reporter-output>
        </test-method> <!-- setUp -->
        <test-method signature="checkoutWithMissingLastName()[pri:0, instance:tests.CheckoutTests@3bf7ca37]" started-at="2025-09-03T22:13:08 IST" name="checkoutWithMissingLastName" finished-at="2025-09-03T22:13:12 IST" duration-ms="4238" status="PASS">
          <reporter-output>
          </reporter-output>
        </test-method> <!-- checkoutWithMissingLastName -->
        <test-method is-config="true" signature="tearDown()[pri:0, instance:tests.CheckoutTests@3bf7ca37]" started-at="2025-09-03T22:13:12 IST" name="tearDown" finished-at="2025-09-03T22:13:12 IST" duration-ms="171" status="PASS">
          <reporter-output>
          </reporter-output>
        </test-method> <!-- tearDown -->
        <test-method is-config="true" signature="setUp()[pri:0, instance:tests.CheckoutTests@3bf7ca37]" started-at="2025-09-03T22:13:12 IST" name="setUp" finished-at="2025-09-03T22:13:28 IST" duration-ms="15857" status="PASS">
          <reporter-output>
          </reporter-output>
        </test-method> <!-- setUp -->
        <test-method signature="checkoutWithMissingPostalCode()[pri:0, instance:tests.CheckoutTests@3bf7ca37]" started-at="2025-09-03T22:13:28 IST" name="checkoutWithMissingPostalCode" finished-at="2025-09-03T22:13:33 IST" duration-ms="4207" status="PASS">
          <reporter-output>
          </reporter-output>
        </test-method> <!-- checkoutWithMissingPostalCode -->
        <test-method is-config="true" signature="tearDown()[pri:0, instance:tests.CheckoutTests@3bf7ca37]" started-at="2025-09-03T22:13:33 IST" name="tearDown" finished-at="2025-09-03T22:13:33 IST" duration-ms="171" status="PASS">
          <reporter-output>
          </reporter-output>
        </test-method> <!-- tearDown -->
        <test-method is-config="true" signature="setUp()[pri:0, instance:tests.CheckoutTests@3bf7ca37]" started-at="2025-09-03T22:13:33 IST" name="setUp" finished-at="2025-09-03T22:13:49 IST" duration-ms="16197" status="PASS">
          <reporter-output>
          </reporter-output>
        </test-method> <!-- setUp -->
        <test-method signature="checkoutWithValidDetails()[pri:0, instance:tests.CheckoutTests@3bf7ca37]" started-at="2025-09-03T22:13:49 IST" name="checkoutWithValidDetails" finished-at="2025-09-03T22:13:52 IST" duration-ms="3230" status="PASS">
          <reporter-output>
          </reporter-output>
        </test-method> <!-- checkoutWithValidDetails -->
        <test-method is-config="true" signature="tearDown()[pri:0, instance:tests.CheckoutTests@3bf7ca37]" started-at="2025-09-03T22:13:52 IST" name="tearDown" finished-at="2025-09-03T22:13:52 IST" duration-ms="168" status="PASS">
          <reporter-output>
          </reporter-output>
        </test-method> <!-- tearDown -->
        <test-method is-config="true" signature="setUp()[pri:0, instance:tests.CheckoutTests@3bf7ca37]" started-at="2025-09-03T22:13:52 IST" name="setUp" finished-at="2025-09-03T22:14:08 IST" duration-ms="15986" status="PASS">
          <reporter-output>
          </reporter-output>
        </test-method> <!-- setUp -->
        <test-method signature="finishButtonCompletesOrder()[pri:0, instance:tests.CheckoutTests@3bf7ca37]" started-at="2025-09-03T22:14:08 IST" name="finishButtonCompletesOrder" finished-at="2025-09-03T22:14:14 IST" duration-ms="5286" status="PASS">
          <reporter-output>
          </reporter-output>
        </test-method> <!-- finishButtonCompletesOrder -->
        <test-method is-config="true" signature="tearDown()[pri:0, instance:tests.CheckoutTests@3bf7ca37]" started-at="2025-09-03T22:14:14 IST" name="tearDown" finished-at="2025-09-03T22:14:14 IST" duration-ms="155" status="PASS">
          <reporter-output>
          </reporter-output>
        </test-method> <!-- tearDown -->
        <test-method is-config="true" signature="setUp()[pri:0, instance:tests.CheckoutTests@3bf7ca37]" started-at="2025-09-03T22:14:14 IST" name="setUp" finished-at="2025-09-03T22:14:28 IST" duration-ms="14669" status="PASS">
          <reporter-output>
          </reporter-output>
        </test-method> <!-- setUp -->
        <test-method signature="invalidZipCodeFormat()[pri:0, instance:tests.CheckoutTests@3bf7ca37]" started-at="2025-09-03T22:14:28 IST" name="invalidZipCodeFormat" finished-at="2025-09-03T22:14:32 IST" duration-ms="3225" status="PASS">
          <reporter-output>
          </reporter-output>
        </test-method> <!-- invalidZipCodeFormat -->
        <test-method is-config="true" signature="tearDown()[pri:0, instance:tests.CheckoutTests@3bf7ca37]" started-at="2025-09-03T22:14:32 IST" name="tearDown" finished-at="2025-09-03T22:14:32 IST" duration-ms="162" status="PASS">
          <reporter-output>
          </reporter-output>
        </test-method> <!-- tearDown -->
        <test-method is-config="true" signature="setUp()[pri:0, instance:tests.CheckoutTests@3bf7ca37]" started-at="2025-09-03T22:14:32 IST" name="setUp" finished-at="2025-09-03T22:14:47 IST" duration-ms="15113" status="PASS">
          <reporter-output>
          </reporter-output>
        </test-method> <!-- setUp -->
        <test-method signature="verifyBackToProductsButtonWorks()[pri:0, instance:tests.CheckoutTests@3bf7ca37]" started-at="2025-09-03T22:14:47 IST" name="verifyBackToProductsButtonWorks" finished-at="2025-09-03T22:14:53 IST" duration-ms="6352" status="PASS">
          <reporter-output>
          </reporter-output>
        </test-method> <!-- verifyBackToProductsButtonWorks -->
        <test-method is-config="true" signature="tearDown()[pri:0, instance:tests.CheckoutTests@3bf7ca37]" started-at="2025-09-03T22:14:53 IST" name="tearDown" finished-at="2025-09-03T22:14:53 IST" duration-ms="164" status="PASS">
          <reporter-output>
          </reporter-output>
        </test-method> <!-- tearDown -->
        <test-method is-config="true" signature="setUp()[pri:0, instance:tests.CheckoutTests@3bf7ca37]" started-at="2025-09-03T22:14:53 IST" name="setUp" finished-at="2025-09-03T22:15:07 IST" duration-ms="14078" status="PASS">
          <reporter-output>
          </reporter-output>
        </test-method> <!-- setUp -->
        <test-method signature="verifyCheckoutOverviewPage()[pri:0, instance:tests.CheckoutTests@3bf7ca37]" started-at="2025-09-03T22:15:07 IST" name="verifyCheckoutOverviewPage" finished-at="2025-09-03T22:15:13 IST" duration-ms="5227" status="PASS">
          <reporter-output>
          </reporter-output>
        </test-method> <!-- verifyCheckoutOverviewPage -->
        <test-method is-config="true" signature="tearDown()[pri:0, instance:tests.CheckoutTests@3bf7ca37]" started-at="2025-09-03T22:15:13 IST" name="tearDown" finished-at="2025-09-03T22:15:13 IST" duration-ms="188" status="PASS">
          <reporter-output>
          </reporter-output>
        </test-method> <!-- tearDown -->
        <test-method is-config="true" signature="setUp()[pri:0, instance:tests.CheckoutTests@3bf7ca37]" started-at="2025-09-03T22:15:13 IST" name="setUp" finished-at="2025-09-03T22:15:29 IST" duration-ms="15691" status="PASS">
          <reporter-output>
          </reporter-output>
        </test-method> <!-- setUp -->
        <test-method signature="verifySuccessMessageAfterOrder()[pri:0, instance:tests.CheckoutTests@3bf7ca37]" started-at="2025-09-03T22:15:29 IST" name="verifySuccessMessageAfterOrder" finished-at="2025-09-03T22:15:34 IST" duration-ms="5425" status="FAIL">
          <exception class="java.lang.AssertionError">
            <message>
              <![CDATA[expected [THANK YOU FOR YOUR ORDER] but found [Thank you for your order!]]]>
            </message>
            <full-stacktrace>
              <![CDATA[java.lang.AssertionError: expected [THANK YOU FOR YOUR ORDER] but found [Thank you for your order!]
at org.testng.Assert.fail(Assert.java:111)
at org.testng.Assert.failNotEquals(Assert.java:1578)
at org.testng.Assert.assertEqualsImpl(Assert.java:150)
at org.testng.Assert.assertEquals(Assert.java:132)
at org.testng.Assert.assertEquals(Assert.java:656)
at org.testng.Assert.assertEquals(Assert.java:666)
at tests.CheckoutTests.verifySuccessMessageAfterOrder(CheckoutTests.java:132)
at java.base/jdk.internal.reflect.DirectMethodHandleAccessor.invoke(DirectMethodHandleAccessor.java:103)
at java.base/java.lang.reflect.Method.invoke(Method.java:580)
at org.testng.internal.invokers.MethodInvocationHelper.invokeMethod(MethodInvocationHelper.java:141)
at org.testng.internal.invokers.TestInvoker.invokeMethod(TestInvoker.java:686)
at org.testng.internal.invokers.TestInvoker.invokeTestMethod(TestInvoker.java:230)
at org.testng.internal.invokers.MethodRunner.runInSequence(MethodRunner.java:63)
at org.testng.internal.invokers.TestInvoker$MethodInvocationAgent.invoke(TestInvoker.java:992)
at org.testng.internal.invokers.TestInvoker.invokeTestMethods(TestInvoker.java:203)
at org.testng.internal.invokers.TestMethodWorker.invokeTestMethods(TestMethodWorker.java:154)
at org.testng.internal.invokers.TestMethodWorker.run(TestMethodWorker.java:134)
at java.base/java.util.ArrayList.forEach(ArrayList.java:1596)
at org.testng.TestRunner.privateRun(TestRunner.java:739)
at org.testng.TestRunner.run(TestRunner.java:614)
at org.testng.SuiteRunner.runTest(SuiteRunner.java:421)
at org.testng.SuiteRunner.runSequentially(SuiteRunner.java:413)
at org.testng.SuiteRunner.privateRun(SuiteRunner.java:373)
at org.testng.SuiteRunner.run(SuiteRunner.java:312)
at org.testng.SuiteRunnerWorker.runSuite(SuiteRunnerWorker.java:52)
at org.testng.SuiteRunnerWorker.run(SuiteRunnerWorker.java:95)
at org.testng.TestNG.runSuitesSequentially(TestNG.java:1274)
at org.testng.TestNG.runSuitesLocally(TestNG.java:1208)
at org.testng.TestNG.runSuites(TestNG.java:1112)
at org.testng.TestNG.run(TestNG.java:1079)
at org.testng.remote.AbstractRemoteTestNG.run(AbstractRemoteTestNG.java:115)
at org.testng.remote.RemoteTestNG.initAndRun(RemoteTestNG.java:293)
at org.testng.remote.RemoteTestNG.main(RemoteTestNG.java:91)
]]>
            </full-stacktrace>
          </exception> <!-- java.lang.AssertionError -->
          <reporter-output>
          </reporter-output>
        </test-method> <!-- verifySuccessMessageAfterOrder -->
        <test-method is-config="true" signature="tearDown()[pri:0, instance:tests.CheckoutTests@3bf7ca37]" started-at="2025-09-03T22:15:34 IST" name="tearDown" finished-at="2025-09-03T22:15:34 IST" duration-ms="165" status="PASS">
          <reporter-output>
          </reporter-output>
        </test-method> <!-- tearDown -->
      </class> <!-- tests.CheckoutTests -->
      <class name="tests.CartTests">
        <test-method is-config="true" signature="setUp()[pri:0, instance:tests.CartTests@3c9754d8]" started-at="2025-09-03T22:10:29 IST" name="setUp" finished-at="2025-09-03T22:10:38 IST" duration-ms="9306" status="PASS">
          <reporter-output>
          </reporter-output>
        </test-method> <!-- setUp -->
        <test-method signature="checkoutButtonWorks()[pri:0, instance:tests.CartTests@3c9754d8]" started-at="2025-09-03T22:10:38 IST" name="checkoutButtonWorks" finished-at="2025-09-03T22:10:45 IST" duration-ms="7225" status="PASS">
          <reporter-output>
          </reporter-output>
        </test-method> <!-- checkoutButtonWorks -->
        <test-method is-config="true" signature="tearDown()[pri:0, instance:tests.CartTests@3c9754d8]" started-at="2025-09-03T22:10:45 IST" name="tearDown" finished-at="2025-09-03T22:10:46 IST" duration-ms="168" status="PASS">
          <reporter-output>
          </reporter-output>
        </test-method> <!-- tearDown -->
        <test-method is-config="true" signature="setUp()[pri:0, instance:tests.CartTests@3c9754d8]" started-at="2025-09-03T22:10:46 IST" name="setUp" finished-at="2025-09-03T22:10:55 IST" duration-ms="9154" status="PASS">
          <reporter-output>
          </reporter-output>
        </test-method> <!-- setUp -->
        <test-method signature="continueShoppingButtonWorks()[pri:0, instance:tests.CartTests@3c9754d8]" started-at="2025-09-03T22:10:55 IST" name="continueShoppingButtonWorks" finished-at="2025-09-03T22:11:02 IST" duration-ms="7229" status="PASS">
          <reporter-output>
          </reporter-output>
        </test-method> <!-- continueShoppingButtonWorks -->
        <test-method is-config="true" signature="tearDown()[pri:0, instance:tests.CartTests@3c9754d8]" started-at="2025-09-03T22:11:02 IST" name="tearDown" finished-at="2025-09-03T22:11:02 IST" duration-ms="155" status="PASS">
          <reporter-output>
          </reporter-output>
        </test-method> <!-- tearDown -->
        <test-method is-config="true" signature="setUp()[pri:0, instance:tests.CartTests@3c9754d8]" started-at="2025-09-03T22:11:02 IST" name="setUp" finished-at="2025-09-03T22:11:10 IST" duration-ms="7770" status="PASS">
          <reporter-output>
          </reporter-output>
        </test-method> <!-- setUp -->
        <test-method signature="verifyCartBadgeIncreases()[pri:0, instance:tests.CartTests@3c9754d8]" started-at="2025-09-03T22:11:10 IST" name="verifyCartBadgeIncreases" finished-at="2025-09-03T22:11:15 IST" duration-ms="5088" status="PASS">
          <reporter-output>
          </reporter-output>
        </test-method> <!-- verifyCartBadgeIncreases -->
        <test-method is-config="true" signature="tearDown()[pri:0, instance:tests.CartTests@3c9754d8]" started-at="2025-09-03T22:11:15 IST" name="tearDown" finished-at="2025-09-03T22:11:15 IST" duration-ms="218" status="PASS">
          <reporter-output>
          </reporter-output>
        </test-method> <!-- tearDown -->
        <test-method is-config="true" signature="setUp()[pri:0, instance:tests.CartTests@3c9754d8]" started-at="2025-09-03T22:11:15 IST" name="setUp" finished-at="2025-09-03T22:11:25 IST" duration-ms="10319" status="PASS">
          <reporter-output>
          </reporter-output>
        </test-method> <!-- setUp -->
        <test-method signature="verifyCartIsEmptyAfterRemovingItems()[pri:0, instance:tests.CartTests@3c9754d8]" started-at="2025-09-03T22:11:25 IST" name="verifyCartIsEmptyAfterRemovingItems" finished-at="2025-09-03T22:11:43 IST" duration-ms="17198" status="PASS">
          <reporter-output>
          </reporter-output>
        </test-method> <!-- verifyCartIsEmptyAfterRemovingItems -->
        <test-method is-config="true" signature="tearDown()[pri:0, instance:tests.CartTests@3c9754d8]" started-at="2025-09-03T22:11:43 IST" name="tearDown" finished-at="2025-09-03T22:11:43 IST" duration-ms="152" status="PASS">
          <reporter-output>
          </reporter-output>
        </test-method> <!-- tearDown -->
        <test-method is-config="true" signature="setUp()[pri:0, instance:tests.CartTests@3c9754d8]" started-at="2025-09-03T22:11:43 IST" name="setUp" finished-at="2025-09-03T22:11:52 IST" duration-ms="8991" status="PASS">
          <reporter-output>
          </reporter-output>
        </test-method> <!-- setUp -->
        <test-method signature="verifyNavigatingToCartPage()[pri:0, instance:tests.CartTests@3c9754d8]" started-at="2025-09-03T22:11:52 IST" name="verifyNavigatingToCartPage" finished-at="2025-09-03T22:11:57 IST" duration-ms="5135" status="PASS">
          <reporter-output>
          </reporter-output>
        </test-method> <!-- verifyNavigatingToCartPage -->
        <test-method is-config="true" signature="tearDown()[pri:0, instance:tests.CartTests@3c9754d8]" started-at="2025-09-03T22:11:57 IST" name="tearDown" finished-at="2025-09-03T22:11:57 IST" duration-ms="159" status="PASS">
          <reporter-output>
          </reporter-output>
        </test-method> <!-- tearDown -->
        <test-method is-config="true" signature="setUp()[pri:0, instance:tests.CartTests@3c9754d8]" started-at="2025-09-03T22:11:57 IST" name="setUp" finished-at="2025-09-03T22:12:05 IST" duration-ms="7568" status="PASS">
          <reporter-output>
          </reporter-output>
        </test-method> <!-- setUp -->
        <test-method signature="verifyProductDetailsInCart()[pri:0, instance:tests.CartTests@3c9754d8]" started-at="2025-09-03T22:12:05 IST" name="verifyProductDetailsInCart" finished-at="2025-09-03T22:12:12 IST" duration-ms="7164" status="PASS">
          <reporter-output>
          </reporter-output>
        </test-method> <!-- verifyProductDetailsInCart -->
        <test-method is-config="true" signature="tearDown()[pri:0, instance:tests.CartTests@3c9754d8]" started-at="2025-09-03T22:12:12 IST" name="tearDown" finished-at="2025-09-03T22:12:12 IST" duration-ms="157" status="PASS">
          <reporter-output>
          </reporter-output>
        </test-method> <!-- tearDown -->
      </class> <!-- tests.CartTests -->
      <class name="tests.UITests">
        <test-method is-config="true" signature="setUp()[pri:0, instance:tests.UITests@4d1c00d0]" started-at="2025-09-03T22:16:52 IST" name="setUp" finished-at="2025-09-03T22:17:00 IST" duration-ms="8724" status="PASS">
          <reporter-output>
          </reporter-output>
        </test-method> <!-- setUp -->
        <test-method signature="verifyBackButtonAfterLogout()[pri:0, instance:tests.UITests@4d1c00d0]" started-at="2025-09-03T22:17:00 IST" name="verifyBackButtonAfterLogout" finished-at="2025-09-03T22:17:12 IST" duration-ms="11424" status="PASS">
          <reporter-output>
          </reporter-output>
        </test-method> <!-- verifyBackButtonAfterLogout -->
        <test-method is-config="true" signature="tearDown()[pri:0, instance:tests.UITests@4d1c00d0]" started-at="2025-09-03T22:17:12 IST" name="tearDown" finished-at="2025-09-03T22:17:12 IST" duration-ms="162" status="PASS">
          <reporter-output>
          </reporter-output>
        </test-method> <!-- tearDown -->
        <test-method is-config="true" signature="setUp()[pri:0, instance:tests.UITests@4d1c00d0]" started-at="2025-09-03T22:17:12 IST" name="setUp" finished-at="2025-09-03T22:17:17 IST" duration-ms="4837" status="PASS">
          <reporter-output>
          </reporter-output>
        </test-method> <!-- setUp -->
        <test-method signature="verifyFooterLinks()[pri:0, instance:tests.UITests@4d1c00d0]" started-at="2025-09-03T22:17:17 IST" name="verifyFooterLinks" finished-at="2025-09-03T22:17:22 IST" duration-ms="5286" status="PASS">
          <reporter-output>
          </reporter-output>
        </test-method> <!-- verifyFooterLinks -->
        <test-method is-config="true" signature="tearDown()[pri:0, instance:tests.UITests@4d1c00d0]" started-at="2025-09-03T22:17:22 IST" name="tearDown" finished-at="2025-09-03T22:17:22 IST" duration-ms="153" status="PASS">
          <reporter-output>
          </reporter-output>
        </test-method> <!-- tearDown -->
        <test-method is-config="true" signature="setUp()[pri:0, instance:tests.UITests@4d1c00d0]" started-at="2025-09-03T22:17:22 IST" name="setUp" finished-at="2025-09-03T22:17:26 IST" duration-ms="3620" status="PASS">
          <reporter-output>
          </reporter-output>
        </test-method> <!-- setUp -->
        <test-method signature="verifyLoginPageUIElements()[pri:0, instance:tests.UITests@4d1c00d0]" started-at="2025-09-03T22:17:26 IST" name="verifyLoginPageUIElements" finished-at="2025-09-03T22:17:30 IST" duration-ms="4074" status="PASS">
          <reporter-output>
          </reporter-output>
        </test-method> <!-- verifyLoginPageUIElements -->
        <test-method is-config="true" signature="tearDown()[pri:0, instance:tests.UITests@4d1c00d0]" started-at="2025-09-03T22:17:30 IST" name="tearDown" finished-at="2025-09-03T22:17:30 IST" duration-ms="167" status="PASS">
          <reporter-output>
          </reporter-output>
        </test-method> <!-- tearDown -->
        <test-method is-config="true" signature="setUp()[pri:0, instance:tests.UITests@4d1c00d0]" started-at="2025-09-03T22:17:30 IST" name="setUp" finished-at="2025-09-03T22:17:34 IST" duration-ms="3766" status="PASS">
          <reporter-output>
          </reporter-output>
        </test-method> <!-- setUp -->
        <test-method signature="verifyPageTitleAndLogoConsistency()[pri:0, instance:tests.UITests@4d1c00d0]" started-at="2025-09-03T22:17:34 IST" name="verifyPageTitleAndLogoConsistency" finished-at="2025-09-03T22:17:42 IST" duration-ms="8404" status="PASS">
          <reporter-output>
          </reporter-output>
        </test-method> <!-- verifyPageTitleAndLogoConsistency -->
        <test-method is-config="true" signature="tearDown()[pri:0, instance:tests.UITests@4d1c00d0]" started-at="2025-09-03T22:17:42 IST" name="tearDown" finished-at="2025-09-03T22:17:42 IST" duration-ms="159" status="PASS">
          <reporter-output>
          </reporter-output>
        </test-method> <!-- tearDown -->
      </class> <!-- tests.UITests -->
    </test> <!-- All Modules -->
  </suite> <!-- Selenium Capstone Suite -->
</testng-results>
