<?xml version="1.0" encoding="UTF-8"?>
<testng-results ignored="0" total="40" passed="40" failed="0" skipped="0">
  <reporter-output>
  </reporter-output>
  <suite started-at="2025-09-04T09:17:49 IST" name="Selenium Capstone Suite" finished-at="2025-09-04T09:26:30 IST" duration-ms="521601">
    <groups>
    </groups>
    <test started-at="2025-09-04T09:17:49 IST" name="All Modules" finished-at="2025-09-04T09:26:30 IST" duration-ms="521601">
      <class name="tests.LoginTests">
        <test-method signature="blankFieldsLogin()[pri:0, instance:tests.LoginTests@408d971b]" started-at="2025-09-04T09:17:49 IST" name="blankFieldsLogin" finished-at="2025-09-04T09:17:56 IST" duration-ms="7678" status="PASS">
          <reporter-output>
          </reporter-output>
        </test-method> <!-- blankFieldsLogin -->
        <test-method is-config="true" signature="tearDown()[pri:0, instance:tests.LoginTests@408d971b]" started-at="2025-09-04T09:17:56 IST" name="tearDown" finished-at="2025-09-04T09:17:57 IST" duration-ms="177" status="PASS">
          <reporter-output>
          </reporter-output>
        </test-method> <!-- tearDown -->
        <test-method signature="errorMessageDisappearsAfterRetry()[pri:0, instance:tests.LoginTests@408d971b]" started-at="2025-09-04T09:17:57 IST" name="errorMessageDisappearsAfterRetry" finished-at="2025-09-04T09:18:07 IST" duration-ms="10870" status="PASS">
          <reporter-output>
          </reporter-output>
        </test-method> <!-- errorMessageDisappearsAfterRetry -->
        <test-method is-config="true" signature="tearDown()[pri:0, instance:tests.LoginTests@408d971b]" started-at="2025-09-04T09:18:07 IST" name="tearDown" finished-at="2025-09-04T09:18:08 IST" duration-ms="168" status="PASS">
          <reporter-output>
          </reporter-output>
        </test-method> <!-- tearDown -->
        <test-method signature="invalidLoginWrongPassword()[pri:0, instance:tests.LoginTests@408d971b]" started-at="2025-09-04T09:18:08 IST" name="invalidLoginWrongPassword" finished-at="2025-09-04T09:18:13 IST" duration-ms="5565" status="PASS">
          <reporter-output>
          </reporter-output>
        </test-method> <!-- invalidLoginWrongPassword -->
        <test-method is-config="true" signature="tearDown()[pri:0, instance:tests.LoginTests@408d971b]" started-at="2025-09-04T09:18:13 IST" name="tearDown" finished-at="2025-09-04T09:18:13 IST" duration-ms="151" status="PASS">
          <reporter-output>
          </reporter-output>
        </test-method> <!-- tearDown -->
        <test-method signature="invalidLoginWrongUsername()[pri:0, instance:tests.LoginTests@408d971b]" started-at="2025-09-04T09:18:13 IST" name="invalidLoginWrongUsername" finished-at="2025-09-04T09:18:19 IST" duration-ms="5672" status="PASS">
          <reporter-output>
          </reporter-output>
        </test-method> <!-- invalidLoginWrongUsername -->
        <test-method is-config="true" signature="tearDown()[pri:0, instance:tests.LoginTests@408d971b]" started-at="2025-09-04T09:18:19 IST" name="tearDown" finished-at="2025-09-04T09:18:19 IST" duration-ms="146" status="PASS">
          <reporter-output>
          </reporter-output>
        </test-method> <!-- tearDown -->
        <test-method signature="lockedOutUserLogin()[pri:0, instance:tests.LoginTests@408d971b]" started-at="2025-09-04T09:18:19 IST" name="lockedOutUserLogin" finished-at="2025-09-04T09:18:25 IST" duration-ms="5607" status="PASS">
          <reporter-output>
          </reporter-output>
        </test-method> <!-- lockedOutUserLogin -->
        <test-method is-config="true" signature="tearDown()[pri:0, instance:tests.LoginTests@408d971b]" started-at="2025-09-04T09:18:25 IST" name="tearDown" finished-at="2025-09-04T09:18:25 IST" duration-ms="146" status="PASS">
          <reporter-output>
          </reporter-output>
        </test-method> <!-- tearDown -->
        <test-method signature="performanceGlitchUserLogin()[pri:0, instance:tests.LoginTests@408d971b]" started-at="2025-09-04T09:18:25 IST" name="performanceGlitchUserLogin" finished-at="2025-09-04T09:18:37 IST" duration-ms="12555" status="PASS">
          <reporter-output>
          </reporter-output>
        </test-method> <!-- performanceGlitchUserLogin -->
        <test-method is-config="true" signature="tearDown()[pri:0, instance:tests.LoginTests@408d971b]" started-at="2025-09-04T09:18:37 IST" name="tearDown" finished-at="2025-09-04T09:18:38 IST" duration-ms="166" status="PASS">
          <reporter-output>
          </reporter-output>
        </test-method> <!-- tearDown -->
        <test-method signature="validLogin()[pri:0, instance:tests.LoginTests@408d971b]" started-at="2025-09-04T09:18:38 IST" name="validLogin" finished-at="2025-09-04T09:18:44 IST" duration-ms="6607" status="PASS">
          <reporter-output>
          </reporter-output>
        </test-method> <!-- validLogin -->
        <test-method is-config="true" signature="tearDown()[pri:0, instance:tests.LoginTests@408d971b]" started-at="2025-09-04T09:18:44 IST" name="tearDown" finished-at="2025-09-04T09:18:44 IST" duration-ms="152" status="PASS">
          <reporter-output>
          </reporter-output>
        </test-method> <!-- tearDown -->
        <test-method signature="verifyUrlAndTitleAfterLogin()[pri:0, instance:tests.LoginTests@408d971b]" started-at="2025-09-04T09:18:44 IST" name="verifyUrlAndTitleAfterLogin" finished-at="2025-09-04T09:18:51 IST" duration-ms="6613" status="PASS">
          <reporter-output>
          </reporter-output>
        </test-method> <!-- verifyUrlAndTitleAfterLogin -->
        <test-method is-config="true" signature="tearDown()[pri:0, instance:tests.LoginTests@408d971b]" started-at="2025-09-04T09:18:51 IST" name="tearDown" finished-at="2025-09-04T09:18:51 IST" duration-ms="175" status="PASS">
          <reporter-output>
          </reporter-output>
        </test-method> <!-- tearDown -->
      </class> <!-- tests.LoginTests -->
      <class name="tests.MenuTests">
        <test-method is-config="true" signature="setUp()[pri:0, instance:tests.MenuTests@79079097]" started-at="2025-09-04T09:24:42 IST" name="setUp" finished-at="2025-09-04T09:24:49 IST" duration-ms="6508" status="PASS">
          <reporter-output>
          </reporter-output>
        </test-method> <!-- setUp -->
        <test-method signature="verifyAboutLink()[pri:0, instance:tests.MenuTests@79079097]" started-at="2025-09-04T09:24:49 IST" name="verifyAboutLink" finished-at="2025-09-04T09:25:00 IST" duration-ms="11259" status="PASS">
          <reporter-output>
          </reporter-output>
        </test-method> <!-- verifyAboutLink -->
        <test-method is-config="true" signature="tearDown()[pri:0, instance:tests.MenuTests@79079097]" started-at="2025-09-04T09:25:00 IST" name="tearDown" finished-at="2025-09-04T09:25:00 IST" duration-ms="208" status="PASS">
          <reporter-output>
          </reporter-output>
        </test-method> <!-- tearDown -->
        <test-method is-config="true" signature="setUp()[pri:0, instance:tests.MenuTests@79079097]" started-at="2025-09-04T09:25:00 IST" name="setUp" finished-at="2025-09-04T09:25:07 IST" duration-ms="6895" status="PASS">
          <reporter-output>
          </reporter-output>
        </test-method> <!-- setUp -->
        <test-method signature="verifyAllMenuOptionsVisible()[pri:0, instance:tests.MenuTests@79079097]" started-at="2025-09-04T09:25:07 IST" name="verifyAllMenuOptionsVisible" finished-at="2025-09-04T09:25:11 IST" duration-ms="4125" status="PASS">
          <reporter-output>
          </reporter-output>
        </test-method> <!-- verifyAllMenuOptionsVisible -->
        <test-method is-config="true" signature="tearDown()[pri:0, instance:tests.MenuTests@79079097]" started-at="2025-09-04T09:25:11 IST" name="tearDown" finished-at="2025-09-04T09:25:12 IST" duration-ms="142" status="PASS">
          <reporter-output>
          </reporter-output>
        </test-method> <!-- tearDown -->
        <test-method is-config="true" signature="setUp()[pri:0, instance:tests.MenuTests@79079097]" started-at="2025-09-04T09:25:12 IST" name="setUp" finished-at="2025-09-04T09:25:18 IST" duration-ms="6555" status="PASS">
          <reporter-output>
          </reporter-output>
        </test-method> <!-- setUp -->
        <test-method signature="verifyResetAppState()[pri:0, instance:tests.MenuTests@79079097]" started-at="2025-09-04T09:25:18 IST" name="verifyResetAppState" finished-at="2025-09-04T09:25:34 IST" duration-ms="16163" status="PASS">
          <reporter-output>
          </reporter-output>
        </test-method> <!-- verifyResetAppState -->
        <test-method is-config="true" signature="tearDown()[pri:0, instance:tests.MenuTests@79079097]" started-at="2025-09-04T09:25:34 IST" name="tearDown" finished-at="2025-09-04T09:25:34 IST" duration-ms="159" status="PASS">
          <reporter-output>
          </reporter-output>
        </test-method> <!-- tearDown -->
        <test-method is-config="true" signature="setUp()[pri:0, instance:tests.MenuTests@79079097]" started-at="2025-09-04T09:25:34 IST" name="setUp" finished-at="2025-09-04T09:25:41 IST" duration-ms="6901" status="PASS">
          <reporter-output>
          </reporter-output>
        </test-method> <!-- setUp -->
        <test-method signature="verifyUserCanLogout()[pri:0, instance:tests.MenuTests@79079097]" started-at="2025-09-04T09:25:41 IST" name="verifyUserCanLogout" finished-at="2025-09-04T09:25:47 IST" duration-ms="5153" status="PASS">
          <reporter-output>
          </reporter-output>
        </test-method> <!-- verifyUserCanLogout -->
        <test-method is-config="true" signature="tearDown()[pri:0, instance:tests.MenuTests@79079097]" started-at="2025-09-04T09:25:47 IST" name="tearDown" finished-at="2025-09-04T09:25:47 IST" duration-ms="169" status="PASS">
          <reporter-output>
          </reporter-output>
        </test-method> <!-- tearDown -->
      </class> <!-- tests.MenuTests -->
      <class name="tests.InventoryTests">
        <test-method is-config="true" signature="setUp()[pri:0, instance:tests.InventoryTests@7c6908d7]" started-at="2025-09-04T09:18:51 IST" name="setUp" finished-at="2025-09-04T09:18:58 IST" duration-ms="6631" status="PASS">
          <reporter-output>
          </reporter-output>
        </test-method> <!-- setUp -->
        <test-method signature="addMultipleProductsToCart()[pri:0, instance:tests.InventoryTests@7c6908d7]" started-at="2025-09-04T09:18:58 IST" name="addMultipleProductsToCart" finished-at="2025-09-04T09:19:03 IST" duration-ms="5137" status="PASS">
          <reporter-output>
          </reporter-output>
        </test-method> <!-- addMultipleProductsToCart -->
        <test-method is-config="true" signature="tearDown()[pri:0, instance:tests.InventoryTests@7c6908d7]" started-at="2025-09-04T09:19:03 IST" name="tearDown" finished-at="2025-09-04T09:19:03 IST" duration-ms="174" status="PASS">
          <reporter-output>
          </reporter-output>
        </test-method> <!-- tearDown -->
        <test-method is-config="true" signature="setUp()[pri:0, instance:tests.InventoryTests@7c6908d7]" started-at="2025-09-04T09:19:03 IST" name="setUp" finished-at="2025-09-04T09:19:10 IST" duration-ms="6542" status="PASS">
          <reporter-output>
          </reporter-output>
        </test-method> <!-- setUp -->
        <test-method signature="addSingleProductToCart()[pri:0, instance:tests.InventoryTests@7c6908d7]" started-at="2025-09-04T09:19:10 IST" name="addSingleProductToCart" finished-at="2025-09-04T09:19:13 IST" duration-ms="3069" status="PASS">
          <reporter-output>
          </reporter-output>
        </test-method> <!-- addSingleProductToCart -->
        <test-method is-config="true" signature="tearDown()[pri:0, instance:tests.InventoryTests@7c6908d7]" started-at="2025-09-04T09:19:13 IST" name="tearDown" finished-at="2025-09-04T09:19:13 IST" duration-ms="149" status="PASS">
          <reporter-output>
          </reporter-output>
        </test-method> <!-- tearDown -->
        <test-method is-config="true" signature="setUp()[pri:0, instance:tests.InventoryTests@7c6908d7]" started-at="2025-09-04T09:19:13 IST" name="setUp" finished-at="2025-09-04T09:19:19 IST" duration-ms="6524" status="PASS">
          <reporter-output>
          </reporter-output>
        </test-method> <!-- setUp -->
        <test-method signature="removeProductFromCart()[pri:0, instance:tests.InventoryTests@7c6908d7]" started-at="2025-09-04T09:19:19 IST" name="removeProductFromCart" finished-at="2025-09-04T09:19:24 IST" duration-ms="5112" status="PASS">
          <reporter-output>
          </reporter-output>
        </test-method> <!-- removeProductFromCart -->
        <test-method is-config="true" signature="tearDown()[pri:0, instance:tests.InventoryTests@7c6908d7]" started-at="2025-09-04T09:19:24 IST" name="tearDown" finished-at="2025-09-04T09:19:25 IST" duration-ms="175" status="PASS">
          <reporter-output>
          </reporter-output>
        </test-method> <!-- tearDown -->
        <test-method is-config="true" signature="setUp()[pri:0, instance:tests.InventoryTests@7c6908d7]" started-at="2025-09-04T09:19:25 IST" name="setUp" finished-at="2025-09-04T09:19:31 IST" duration-ms="6553" status="PASS">
          <reporter-output>
          </reporter-output>
        </test-method> <!-- setUp -->
        <test-method signature="sortProductsByNameAZ()[pri:0, instance:tests.InventoryTests@7c6908d7]" started-at="2025-09-04T09:19:31 IST" name="sortProductsByNameAZ" finished-at="2025-09-04T09:19:34 IST" duration-ms="3092" status="PASS">
          <reporter-output>
          </reporter-output>
        </test-method> <!-- sortProductsByNameAZ -->
        <test-method is-config="true" signature="tearDown()[pri:0, instance:tests.InventoryTests@7c6908d7]" started-at="2025-09-04T09:19:34 IST" name="tearDown" finished-at="2025-09-04T09:19:34 IST" duration-ms="156" status="PASS">
          <reporter-output>
          </reporter-output>
        </test-method> <!-- tearDown -->
        <test-method is-config="true" signature="setUp()[pri:0, instance:tests.InventoryTests@7c6908d7]" started-at="2025-09-04T09:19:34 IST" name="setUp" finished-at="2025-09-04T09:19:41 IST" duration-ms="6657" status="PASS">
          <reporter-output>
          </reporter-output>
        </test-method> <!-- setUp -->
        <test-method signature="sortProductsByNameZA()[pri:0, instance:tests.InventoryTests@7c6908d7]" started-at="2025-09-04T09:19:41 IST" name="sortProductsByNameZA" finished-at="2025-09-04T09:19:44 IST" duration-ms="3075" status="PASS">
          <reporter-output>
          </reporter-output>
        </test-method> <!-- sortProductsByNameZA -->
        <test-method is-config="true" signature="tearDown()[pri:0, instance:tests.InventoryTests@7c6908d7]" started-at="2025-09-04T09:19:44 IST" name="tearDown" finished-at="2025-09-04T09:19:44 IST" duration-ms="170" status="PASS">
          <reporter-output>
          </reporter-output>
        </test-method> <!-- tearDown -->
        <test-method is-config="true" signature="setUp()[pri:0, instance:tests.InventoryTests@7c6908d7]" started-at="2025-09-04T09:19:44 IST" name="setUp" finished-at="2025-09-04T09:19:51 IST" duration-ms="6215" status="PASS">
          <reporter-output>
          </reporter-output>
        </test-method> <!-- setUp -->
        <test-method signature="sortProductsByPriceHighToLow()[pri:0, instance:tests.InventoryTests@7c6908d7]" started-at="2025-09-04T09:19:51 IST" name="sortProductsByPriceHighToLow" finished-at="2025-09-04T09:19:54 IST" duration-ms="3079" status="PASS">
          <reporter-output>
          </reporter-output>
        </test-method> <!-- sortProductsByPriceHighToLow -->
        <test-method is-config="true" signature="tearDown()[pri:0, instance:tests.InventoryTests@7c6908d7]" started-at="2025-09-04T09:19:54 IST" name="tearDown" finished-at="2025-09-04T09:19:54 IST" duration-ms="171" status="PASS">
          <reporter-output>
          </reporter-output>
        </test-method> <!-- tearDown -->
        <test-method is-config="true" signature="setUp()[pri:0, instance:tests.InventoryTests@7c6908d7]" started-at="2025-09-04T09:19:54 IST" name="setUp" finished-at="2025-09-04T09:20:00 IST" duration-ms="6586" status="PASS">
          <reporter-output>
          </reporter-output>
        </test-method> <!-- setUp -->
        <test-method signature="sortProductsByPriceLowToHigh()[pri:0, instance:tests.InventoryTests@7c6908d7]" started-at="2025-09-04T09:20:00 IST" name="sortProductsByPriceLowToHigh" finished-at="2025-09-04T09:20:04 IST" duration-ms="3083" status="PASS">
          <reporter-output>
          </reporter-output>
        </test-method> <!-- sortProductsByPriceLowToHigh -->
        <test-method is-config="true" signature="tearDown()[pri:0, instance:tests.InventoryTests@7c6908d7]" started-at="2025-09-04T09:20:04 IST" name="tearDown" finished-at="2025-09-04T09:20:04 IST" duration-ms="155" status="PASS">
          <reporter-output>
          </reporter-output>
        </test-method> <!-- tearDown -->
        <test-method is-config="true" signature="setUp()[pri:0, instance:tests.InventoryTests@7c6908d7]" started-at="2025-09-04T09:20:04 IST" name="setUp" finished-at="2025-09-04T09:20:10 IST" duration-ms="6642" status="PASS">
          <reporter-output>
          </reporter-output>
        </test-method> <!-- setUp -->
        <test-method signature="verifyProductsDisplayed()[pri:0, instance:tests.InventoryTests@7c6908d7]" started-at="2025-09-04T09:20:10 IST" name="verifyProductsDisplayed" finished-at="2025-09-04T09:20:12 IST" duration-ms="2013" status="PASS">
          <reporter-output>
          </reporter-output>
        </test-method> <!-- verifyProductsDisplayed -->
        <test-method is-config="true" signature="tearDown()[pri:0, instance:tests.InventoryTests@7c6908d7]" started-at="2025-09-04T09:20:12 IST" name="tearDown" finished-at="2025-09-04T09:20:13 IST" duration-ms="208" status="PASS">
          <reporter-output>
          </reporter-output>
        </test-method> <!-- tearDown -->
      </class> <!-- tests.InventoryTests -->
      <class name="tests.CheckoutTests">
        <test-method is-config="true" signature="setUp()[pri:0, instance:tests.CheckoutTests@3bf7ca37]" started-at="2025-09-04T09:21:42 IST" name="setUp" finished-at="2025-09-04T09:21:56 IST" duration-ms="13749" status="PASS">
          <reporter-output>
          </reporter-output>
        </test-method> <!-- setUp -->
        <test-method signature="cancelCheckout()[pri:0, instance:tests.CheckoutTests@3bf7ca37]" started-at="2025-09-04T09:21:56 IST" name="cancelCheckout" finished-at="2025-09-04T09:21:59 IST" duration-ms="3055" status="PASS">
          <reporter-output>
          </reporter-output>
        </test-method> <!-- cancelCheckout -->
        <test-method is-config="true" signature="tearDown()[pri:0, instance:tests.CheckoutTests@3bf7ca37]" started-at="2025-09-04T09:21:59 IST" name="tearDown" finished-at="2025-09-04T09:21:59 IST" duration-ms="171" status="PASS">
          <reporter-output>
          </reporter-output>
        </test-method> <!-- tearDown -->
        <test-method is-config="true" signature="setUp()[pri:0, instance:tests.CheckoutTests@3bf7ca37]" started-at="2025-09-04T09:21:59 IST" name="setUp" finished-at="2025-09-04T09:22:13 IST" duration-ms="13685" status="PASS">
          <reporter-output>
          </reporter-output>
        </test-method> <!-- setUp -->
        <test-method signature="checkoutWithMissingFirstName()[pri:0, instance:tests.CheckoutTests@3bf7ca37]" started-at="2025-09-04T09:22:13 IST" name="checkoutWithMissingFirstName" finished-at="2025-09-04T09:22:17 IST" duration-ms="4273" status="PASS">
          <reporter-output>
          </reporter-output>
        </test-method> <!-- checkoutWithMissingFirstName -->
        <test-method is-config="true" signature="tearDown()[pri:0, instance:tests.CheckoutTests@3bf7ca37]" started-at="2025-09-04T09:22:17 IST" name="tearDown" finished-at="2025-09-04T09:22:17 IST" duration-ms="168" status="PASS">
          <reporter-output>
          </reporter-output>
        </test-method> <!-- tearDown -->
        <test-method is-config="true" signature="setUp()[pri:0, instance:tests.CheckoutTests@3bf7ca37]" started-at="2025-09-04T09:22:17 IST" name="setUp" finished-at="2025-09-04T09:22:31 IST" duration-ms="13652" status="PASS">
          <reporter-output>
          </reporter-output>
        </test-method> <!-- setUp -->
        <test-method signature="checkoutWithMissingLastName()[pri:0, instance:tests.CheckoutTests@3bf7ca37]" started-at="2025-09-04T09:22:31 IST" name="checkoutWithMissingLastName" finished-at="2025-09-04T09:22:35 IST" duration-ms="4216" status="PASS">
          <reporter-output>
          </reporter-output>
        </test-method> <!-- checkoutWithMissingLastName -->
        <test-method is-config="true" signature="tearDown()[pri:0, instance:tests.CheckoutTests@3bf7ca37]" started-at="2025-09-04T09:22:35 IST" name="tearDown" finished-at="2025-09-04T09:22:35 IST" duration-ms="163" status="PASS">
          <reporter-output>
          </reporter-output>
        </test-method> <!-- tearDown -->
        <test-method is-config="true" signature="setUp()[pri:0, instance:tests.CheckoutTests@3bf7ca37]" started-at="2025-09-04T09:22:35 IST" name="setUp" finished-at="2025-09-04T09:22:50 IST" duration-ms="14064" status="PASS">
          <reporter-output>
          </reporter-output>
        </test-method> <!-- setUp -->
        <test-method signature="checkoutWithMissingPostalCode()[pri:0, instance:tests.CheckoutTests@3bf7ca37]" started-at="2025-09-04T09:22:50 IST" name="checkoutWithMissingPostalCode" finished-at="2025-09-04T09:22:54 IST" duration-ms="4225" status="PASS">
          <reporter-output>
          </reporter-output>
        </test-method> <!-- checkoutWithMissingPostalCode -->
        <test-method is-config="true" signature="tearDown()[pri:0, instance:tests.CheckoutTests@3bf7ca37]" started-at="2025-09-04T09:22:54 IST" name="tearDown" finished-at="2025-09-04T09:22:54 IST" duration-ms="159" status="PASS">
          <reporter-output>
          </reporter-output>
        </test-method> <!-- tearDown -->
        <test-method is-config="true" signature="setUp()[pri:0, instance:tests.CheckoutTests@3bf7ca37]" started-at="2025-09-04T09:22:54 IST" name="setUp" finished-at="2025-09-04T09:23:08 IST" duration-ms="13653" status="PASS">
          <reporter-output>
          </reporter-output>
        </test-method> <!-- setUp -->
        <test-method signature="checkoutWithValidDetails()[pri:0, instance:tests.CheckoutTests@3bf7ca37]" started-at="2025-09-04T09:23:08 IST" name="checkoutWithValidDetails" finished-at="2025-09-04T09:23:11 IST" duration-ms="3216" status="PASS">
          <reporter-output>
          </reporter-output>
        </test-method> <!-- checkoutWithValidDetails -->
        <test-method is-config="true" signature="tearDown()[pri:0, instance:tests.CheckoutTests@3bf7ca37]" started-at="2025-09-04T09:23:11 IST" name="tearDown" finished-at="2025-09-04T09:23:11 IST" duration-ms="162" status="PASS">
          <reporter-output>
          </reporter-output>
        </test-method> <!-- tearDown -->
        <test-method is-config="true" signature="setUp()[pri:0, instance:tests.CheckoutTests@3bf7ca37]" started-at="2025-09-04T09:23:11 IST" name="setUp" finished-at="2025-09-04T09:23:25 IST" duration-ms="13647" status="PASS">
          <reporter-output>
          </reporter-output>
        </test-method> <!-- setUp -->
        <test-method signature="finishButtonCompletesOrder()[pri:0, instance:tests.CheckoutTests@3bf7ca37]" started-at="2025-09-04T09:23:25 IST" name="finishButtonCompletesOrder" finished-at="2025-09-04T09:23:30 IST" duration-ms="5270" status="PASS">
          <reporter-output>
          </reporter-output>
        </test-method> <!-- finishButtonCompletesOrder -->
        <test-method is-config="true" signature="tearDown()[pri:0, instance:tests.CheckoutTests@3bf7ca37]" started-at="2025-09-04T09:23:30 IST" name="tearDown" finished-at="2025-09-04T09:23:30 IST" duration-ms="160" status="PASS">
          <reporter-output>
          </reporter-output>
        </test-method> <!-- tearDown -->
        <test-method is-config="true" signature="setUp()[pri:0, instance:tests.CheckoutTests@3bf7ca37]" started-at="2025-09-04T09:23:30 IST" name="setUp" finished-at="2025-09-04T09:23:44 IST" duration-ms="13676" status="PASS">
          <reporter-output>
          </reporter-output>
        </test-method> <!-- setUp -->
        <test-method signature="invalidZipCodeFormat()[pri:0, instance:tests.CheckoutTests@3bf7ca37]" started-at="2025-09-04T09:23:44 IST" name="invalidZipCodeFormat" finished-at="2025-09-04T09:23:47 IST" duration-ms="3210" status="PASS">
          <reporter-output>
          </reporter-output>
        </test-method> <!-- invalidZipCodeFormat -->
        <test-method is-config="true" signature="tearDown()[pri:0, instance:tests.CheckoutTests@3bf7ca37]" started-at="2025-09-04T09:23:47 IST" name="tearDown" finished-at="2025-09-04T09:23:47 IST" duration-ms="168" status="PASS">
          <reporter-output>
          </reporter-output>
        </test-method> <!-- tearDown -->
        <test-method is-config="true" signature="setUp()[pri:0, instance:tests.CheckoutTests@3bf7ca37]" started-at="2025-09-04T09:23:47 IST" name="setUp" finished-at="2025-09-04T09:24:01 IST" duration-ms="13707" status="PASS">
          <reporter-output>
          </reporter-output>
        </test-method> <!-- setUp -->
        <test-method signature="verifyBackToProductsButtonWorks()[pri:0, instance:tests.CheckoutTests@3bf7ca37]" started-at="2025-09-04T09:24:01 IST" name="verifyBackToProductsButtonWorks" finished-at="2025-09-04T09:24:07 IST" duration-ms="6308" status="PASS">
          <reporter-output>
          </reporter-output>
        </test-method> <!-- verifyBackToProductsButtonWorks -->
        <test-method is-config="true" signature="tearDown()[pri:0, instance:tests.CheckoutTests@3bf7ca37]" started-at="2025-09-04T09:24:07 IST" name="tearDown" finished-at="2025-09-04T09:24:07 IST" duration-ms="172" status="PASS">
          <reporter-output>
          </reporter-output>
        </test-method> <!-- tearDown -->
        <test-method is-config="true" signature="setUp()[pri:0, instance:tests.CheckoutTests@3bf7ca37]" started-at="2025-09-04T09:24:07 IST" name="setUp" finished-at="2025-09-04T09:24:21 IST" duration-ms="13649" status="PASS">
          <reporter-output>
          </reporter-output>
        </test-method> <!-- setUp -->
        <test-method signature="verifyCheckoutOverviewPage()[pri:0, instance:tests.CheckoutTests@3bf7ca37]" started-at="2025-09-04T09:24:21 IST" name="verifyCheckoutOverviewPage" finished-at="2025-09-04T09:24:26 IST" duration-ms="5222" status="PASS">
          <reporter-output>
          </reporter-output>
        </test-method> <!-- verifyCheckoutOverviewPage -->
        <test-method is-config="true" signature="tearDown()[pri:0, instance:tests.CheckoutTests@3bf7ca37]" started-at="2025-09-04T09:24:26 IST" name="tearDown" finished-at="2025-09-04T09:24:26 IST" duration-ms="153" status="PASS">
          <reporter-output>
          </reporter-output>
        </test-method> <!-- tearDown -->
        <test-method is-config="true" signature="setUp()[pri:0, instance:tests.CheckoutTests@3bf7ca37]" started-at="2025-09-04T09:24:26 IST" name="setUp" finished-at="2025-09-04T09:24:40 IST" duration-ms="13666" status="PASS">
          <reporter-output>
          </reporter-output>
        </test-method> <!-- setUp -->
        <test-method signature="verifySuccessMessageAfterOrder()[pri:0, instance:tests.CheckoutTests@3bf7ca37]" started-at="2025-09-04T09:24:40 IST" name="verifySuccessMessageAfterOrder" finished-at="2025-09-04T09:24:42 IST" duration-ms="2345" status="PASS">
          <reporter-output>
          </reporter-output>
        </test-method> <!-- verifySuccessMessageAfterOrder -->
        <test-method is-config="true" signature="tearDown()[pri:0, instance:tests.CheckoutTests@3bf7ca37]" started-at="2025-09-04T09:24:42 IST" name="tearDown" finished-at="2025-09-04T09:24:42 IST" duration-ms="158" status="PASS">
          <reporter-output>
          </reporter-output>
        </test-method> <!-- tearDown -->
      </class> <!-- tests.CheckoutTests -->
      <class name="tests.CartTests">
        <test-method is-config="true" signature="setUp()[pri:0, instance:tests.CartTests@3c9754d8]" started-at="2025-09-04T09:20:13 IST" name="setUp" finished-at="2025-09-04T09:20:19 IST" duration-ms="6564" status="PASS">
          <reporter-output>
          </reporter-output>
        </test-method> <!-- setUp -->
        <test-method signature="checkoutButtonWorks()[pri:0, instance:tests.CartTests@3c9754d8]" started-at="2025-09-04T09:20:19 IST" name="checkoutButtonWorks" finished-at="2025-09-04T09:20:26 IST" duration-ms="7220" status="PASS">
          <reporter-output>
          </reporter-output>
        </test-method> <!-- checkoutButtonWorks -->
        <test-method is-config="true" signature="tearDown()[pri:0, instance:tests.CartTests@3c9754d8]" started-at="2025-09-04T09:20:26 IST" name="tearDown" finished-at="2025-09-04T09:20:27 IST" duration-ms="197" status="PASS">
          <reporter-output>
          </reporter-output>
        </test-method> <!-- tearDown -->
        <test-method is-config="true" signature="setUp()[pri:0, instance:tests.CartTests@3c9754d8]" started-at="2025-09-04T09:20:27 IST" name="setUp" finished-at="2025-09-04T09:20:33 IST" duration-ms="6629" status="PASS">
          <reporter-output>
          </reporter-output>
        </test-method> <!-- setUp -->
        <test-method signature="continueShoppingButtonWorks()[pri:0, instance:tests.CartTests@3c9754d8]" started-at="2025-09-04T09:20:33 IST" name="continueShoppingButtonWorks" finished-at="2025-09-04T09:20:40 IST" duration-ms="7229" status="PASS">
          <reporter-output>
          </reporter-output>
        </test-method> <!-- continueShoppingButtonWorks -->
        <test-method is-config="true" signature="tearDown()[pri:0, instance:tests.CartTests@3c9754d8]" started-at="2025-09-04T09:20:40 IST" name="tearDown" finished-at="2025-09-04T09:20:41 IST" duration-ms="168" status="PASS">
          <reporter-output>
          </reporter-output>
        </test-method> <!-- tearDown -->
        <test-method is-config="true" signature="setUp()[pri:0, instance:tests.CartTests@3c9754d8]" started-at="2025-09-04T09:20:41 IST" name="setUp" finished-at="2025-09-04T09:20:47 IST" duration-ms="6566" status="PASS">
          <reporter-output>
          </reporter-output>
        </test-method> <!-- setUp -->
        <test-method signature="verifyCartBadgeIncreases()[pri:0, instance:tests.CartTests@3c9754d8]" started-at="2025-09-04T09:20:47 IST" name="verifyCartBadgeIncreases" finished-at="2025-09-04T09:20:52 IST" duration-ms="5073" status="PASS">
          <reporter-output>
          </reporter-output>
        </test-method> <!-- verifyCartBadgeIncreases -->
        <test-method is-config="true" signature="tearDown()[pri:0, instance:tests.CartTests@3c9754d8]" started-at="2025-09-04T09:20:52 IST" name="tearDown" finished-at="2025-09-04T09:20:52 IST" duration-ms="168" status="PASS">
          <reporter-output>
          </reporter-output>
        </test-method> <!-- tearDown -->
        <test-method is-config="true" signature="setUp()[pri:0, instance:tests.CartTests@3c9754d8]" started-at="2025-09-04T09:20:52 IST" name="setUp" finished-at="2025-09-04T09:20:59 IST" duration-ms="6629" status="PASS">
          <reporter-output>
          </reporter-output>
        </test-method> <!-- setUp -->
        <test-method signature="verifyCartIsEmptyAfterRemovingItems()[pri:0, instance:tests.CartTests@3c9754d8]" started-at="2025-09-04T09:20:59 IST" name="verifyCartIsEmptyAfterRemovingItems" finished-at="2025-09-04T09:21:16 IST" duration-ms="17145" status="PASS">
          <reporter-output>
          </reporter-output>
        </test-method> <!-- verifyCartIsEmptyAfterRemovingItems -->
        <test-method is-config="true" signature="tearDown()[pri:0, instance:tests.CartTests@3c9754d8]" started-at="2025-09-04T09:21:16 IST" name="tearDown" finished-at="2025-09-04T09:21:16 IST" duration-ms="174" status="PASS">
          <reporter-output>
          </reporter-output>
        </test-method> <!-- tearDown -->
        <test-method is-config="true" signature="setUp()[pri:0, instance:tests.CartTests@3c9754d8]" started-at="2025-09-04T09:21:16 IST" name="setUp" finished-at="2025-09-04T09:21:23 IST" duration-ms="6799" status="PASS">
          <reporter-output>
          </reporter-output>
        </test-method> <!-- setUp -->
        <test-method signature="verifyNavigatingToCartPage()[pri:0, instance:tests.CartTests@3c9754d8]" started-at="2025-09-04T09:21:23 IST" name="verifyNavigatingToCartPage" finished-at="2025-09-04T09:21:28 IST" duration-ms="5111" status="PASS">
          <reporter-output>
          </reporter-output>
        </test-method> <!-- verifyNavigatingToCartPage -->
        <test-method is-config="true" signature="tearDown()[pri:0, instance:tests.CartTests@3c9754d8]" started-at="2025-09-04T09:21:28 IST" name="tearDown" finished-at="2025-09-04T09:21:28 IST" duration-ms="246" status="PASS">
          <reporter-output>
          </reporter-output>
        </test-method> <!-- tearDown -->
        <test-method is-config="true" signature="setUp()[pri:0, instance:tests.CartTests@3c9754d8]" started-at="2025-09-04T09:21:28 IST" name="setUp" finished-at="2025-09-04T09:21:35 IST" duration-ms="6567" status="PASS">
          <reporter-output>
          </reporter-output>
        </test-method> <!-- setUp -->
        <test-method signature="verifyProductDetailsInCart()[pri:0, instance:tests.CartTests@3c9754d8]" started-at="2025-09-04T09:21:35 IST" name="verifyProductDetailsInCart" finished-at="2025-09-04T09:21:42 IST" duration-ms="7121" status="PASS">
          <reporter-output>
          </reporter-output>
        </test-method> <!-- verifyProductDetailsInCart -->
        <test-method is-config="true" signature="tearDown()[pri:0, instance:tests.CartTests@3c9754d8]" started-at="2025-09-04T09:21:42 IST" name="tearDown" finished-at="2025-09-04T09:21:42 IST" duration-ms="173" status="PASS">
          <reporter-output>
          </reporter-output>
        </test-method> <!-- tearDown -->
      </class> <!-- tests.CartTests -->
      <class name="tests.UITests">
        <test-method is-config="true" signature="setUp()[pri:0, instance:tests.UITests@4d1c00d0]" started-at="2025-09-04T09:25:47 IST" name="setUp" finished-at="2025-09-04T09:25:50 IST" duration-ms="3344" status="PASS">
          <reporter-output>
          </reporter-output>
        </test-method> <!-- setUp -->
        <test-method signature="verifyBackButtonAfterLogout()[pri:0, instance:tests.UITests@4d1c00d0]" started-at="2025-09-04T09:25:50 IST" name="verifyBackButtonAfterLogout" finished-at="2025-09-04T09:26:01 IST" duration-ms="11403" status="PASS">
          <reporter-output>
          </reporter-output>
        </test-method> <!-- verifyBackButtonAfterLogout -->
        <test-method is-config="true" signature="tearDown()[pri:0, instance:tests.UITests@4d1c00d0]" started-at="2025-09-04T09:26:01 IST" name="tearDown" finished-at="2025-09-04T09:26:02 IST" duration-ms="176" status="PASS">
          <reporter-output>
          </reporter-output>
        </test-method> <!-- tearDown -->
        <test-method is-config="true" signature="setUp()[pri:0, instance:tests.UITests@4d1c00d0]" started-at="2025-09-04T09:26:02 IST" name="setUp" finished-at="2025-09-04T09:26:05 IST" duration-ms="3558" status="PASS">
          <reporter-output>
          </reporter-output>
        </test-method> <!-- setUp -->
        <test-method signature="verifyFooterLinks()[pri:0, instance:tests.UITests@4d1c00d0]" started-at="2025-09-04T09:26:05 IST" name="verifyFooterLinks" finished-at="2025-09-04T09:26:11 IST" duration-ms="5360" status="PASS">
          <reporter-output>
          </reporter-output>
        </test-method> <!-- verifyFooterLinks -->
        <test-method is-config="true" signature="tearDown()[pri:0, instance:tests.UITests@4d1c00d0]" started-at="2025-09-04T09:26:11 IST" name="tearDown" finished-at="2025-09-04T09:26:11 IST" duration-ms="120" status="PASS">
          <reporter-output>
          </reporter-output>
        </test-method> <!-- tearDown -->
        <test-method is-config="true" signature="setUp()[pri:0, instance:tests.UITests@4d1c00d0]" started-at="2025-09-04T09:26:11 IST" name="setUp" finished-at="2025-09-04T09:26:14 IST" duration-ms="3435" status="PASS">
          <reporter-output>
          </reporter-output>
        </test-method> <!-- setUp -->
        <test-method signature="verifyLoginPageUIElements()[pri:0, instance:tests.UITests@4d1c00d0]" started-at="2025-09-04T09:26:14 IST" name="verifyLoginPageUIElements" finished-at="2025-09-04T09:26:18 IST" duration-ms="4085" status="PASS">
          <reporter-output>
          </reporter-output>
        </test-method> <!-- verifyLoginPageUIElements -->
        <test-method is-config="true" signature="tearDown()[pri:0, instance:tests.UITests@4d1c00d0]" started-at="2025-09-04T09:26:18 IST" name="tearDown" finished-at="2025-09-04T09:26:18 IST" duration-ms="137" status="PASS">
          <reporter-output>
          </reporter-output>
        </test-method> <!-- tearDown -->
        <test-method is-config="true" signature="setUp()[pri:0, instance:tests.UITests@4d1c00d0]" started-at="2025-09-04T09:26:18 IST" name="setUp" finished-at="2025-09-04T09:26:22 IST" duration-ms="3391" status="PASS">
          <reporter-output>
          </reporter-output>
        </test-method> <!-- setUp -->
        <test-method signature="verifyPageTitleAndLogoConsistency()[pri:0, instance:tests.UITests@4d1c00d0]" started-at="2025-09-04T09:26:22 IST" name="verifyPageTitleAndLogoConsistency" finished-at="2025-09-04T09:26:30 IST" duration-ms="8315" status="PASS">
          <reporter-output>
          </reporter-output>
        </test-method> <!-- verifyPageTitleAndLogoConsistency -->
        <test-method is-config="true" signature="tearDown()[pri:0, instance:tests.UITests@4d1c00d0]" started-at="2025-09-04T09:26:30 IST" name="tearDown" finished-at="2025-09-04T09:26:30 IST" duration-ms="211" status="PASS">
          <reporter-output>
          </reporter-output>
        </test-method> <!-- tearDown -->
      </class> <!-- tests.UITests -->
    </test> <!-- All Modules -->
  </suite> <!-- Selenium Capstone Suite -->
</testng-results>
